{"/home/caren/microverse-projects/module-2/block-2/to-do-list-app/tests/mocks/localStorage.js": {"path":"/home/caren/microverse-projects/module-2/block-2/to-do-list-app/tests/mocks/localStorage.js","statementMap":{"0":{"start":{"line":3,"column":6},"end":{"line":3,"column":24}},"1":{"start":{"line":6,"column":14},"end":{"line":8,"column":5}},"2":{"start":{"line":7,"column":6},"end":{"line":7,"column":32}},"3":{"start":{"line":10,"column":14},"end":{"line":10,"column":40}},"4":{"start":{"line":10,"column":23},"end":{"line":10,"column":40}}},"fnMap":{"0":{"name":"(anonymous_0)","decl":{"start":{"line":2,"column":4},"end":{"line":2,"column":5}},"loc":{"start":{"line":2,"column":18},"end":{"line":4,"column":5}},"line":2},"1":{"name":"(anonymous_1)","decl":{"start":{"line":6,"column":14},"end":{"line":6,"column":15}},"loc":{"start":{"line":6,"column":30},"end":{"line":8,"column":5}},"line":6},"2":{"name":"(anonymous_2)","decl":{"start":{"line":10,"column":14},"end":{"line":10,"column":15}},"loc":{"start":{"line":10,"column":23},"end":{"line":10,"column":40}},"line":10}},"branchMap":{},"s":{"0":2,"1":2,"2":2,"3":2,"4":1},"f":{"0":2,"1":2,"2":1},"b":{},"_coverageSchema":"1a1c01bbd47fc00a2c39e90264f33305004495a9","hash":"ed879ee6c89bab94ee92ee10edd762b3b0ad92d0"}
}
